# JRE version: OpenJDK Runtime Environment (8.0_40-b09) (build 1.8.0_40-internal-b09)
# Java VM: OpenJDK 64-Bit Server VM (25.40-b13 mixed mode linux-amd64 compressed oops)
Heap:
 PSYoungGen      total 18432K, used 2356K [0x00000000eb800000, 0x00000000ecc80000, 0x0000000100000000)
  eden space 15872K, 14% used [0x00000000eb800000,0x00000000eba4d3d0,0x00000000ec780000)
  from space 2560K, 0% used [0x00000000eca00000,0x00000000eca00000,0x00000000ecc80000)
  to   space 2560K, 0% used [0x00000000ec780000,0x00000000ec780000,0x00000000eca00000)
 ParOldGen       total 42496K, used 3510K [0x00000000c2800000, 0x00000000c5180000, 0x00000000eb800000)
  object space 42496K, 8% used [0x00000000c2800000,0x00000000c2b6d840,0x00000000c5180000)
 Metaspace       used 15287K, capacity 15460K, committed 15616K, reserved 1062912K
  class space    used 1708K, capacity 1756K, committed 1792K, reserved 1048576K
GC Heap History (10 events):
Event: 66,732 GC heap before
{Heap before GC invocations=4 (full 2):
 PSYoungGen      total 18432K, used 635K [0x00000000eb800000, 0x00000000ecc80000, 0x0000000100000000)
  eden space 15872K, 0% used [0x00000000eb800000,0x00000000eb800000,0x00000000ec780000)
  from space 2560K, 24% used [0x00000000eca00000,0x00000000eca9ed78,0x00000000ecc80000)
  to   space 2560K, 0% used [0x00000000ec780000,0x00000000ec780000,0x00000000eca00000)
 ParOldGen       total 42496K, used 3612K [0x00000000c2800000, 0x00000000c5180000, 0x00000000eb800000)
  object space 42496K, 8% used [0x00000000c2800000,0x00000000c2b87218,0x00000000c5180000)
 Metaspace       used 15090K, capacity 15332K, committed 15616K, reserved 1062912K
  class space    used 1706K, capacity 1756K, committed 1792K, reserved 1048576K
Event: 66,782 GC heap after
Heap after GC invocations=4 (full 2):
 PSYoungGen      total 18432K, used 0K [0x00000000eb800000, 0x00000000ecc80000, 0x0000000100000000)
  eden space 15872K, 0% used [0x00000000eb800000,0x00000000eb800000,0x00000000ec780000)
  from space 2560K, 0% used [0x00000000eca00000,0x00000000eca00000,0x00000000ecc80000)
  to   space 2560K, 0% used [0x00000000ec780000,0x00000000ec780000,0x00000000eca00000)
 ParOldGen       total 42496K, used 3500K [0x00000000c2800000, 0x00000000c5180000, 0x00000000eb800000)
  object space 42496K, 8% used [0x00000000c2800000,0x00000000c2b6b060,0x00000000c5180000)
 Metaspace       used 15090K, capacity 15332K, committed 15616K, reserved 1062912K
  class space    used 1706K, capacity 1756K, committed 1792K, reserved 1048576K
}
Event: 203,913 GC heap before
{Heap before GC invocations=5 (full 2):
 PSYoungGen      total 18432K, used 3842K [0x00000000eb800000, 0x00000000ecc80000, 0x0000000100000000)
  eden space 15872K, 24% used [0x00000000eb800000,0x00000000ebbc0b08,0x00000000ec780000)
  from space 2560K, 0% used [0x00000000eca00000,0x00000000eca00000,0x00000000ecc80000)
  to   space 2560K, 0% used [0x00000000ec780000,0x00000000ec780000,0x00000000eca00000)
 ParOldGen       total 42496K, used 3500K [0x00000000c2800000, 0x00000000c5180000, 0x00000000eb800000)
  object space 42496K, 8% used [0x00000000c2800000,0x00000000c2b6b060,0x00000000c5180000)
 Metaspace       used 15246K, capacity 15460K, committed 15616K, reserved 1062912K
  class space    used 1707K, capacity 1756K, committed 1792K, reserved 1048576K
Event: 203,915 GC heap after
Heap after GC invocations=5 (full 2):
 PSYoungGen      total 18432K, used 160K [0x00000000eb800000, 0x00000000ecc80000, 0x0000000100000000)
  eden space 15872K, 0% used [0x00000000eb800000,0x00000000eb800000,0x00000000ec780000)
  from space 2560K, 6% used [0x00000000ec780000,0x00000000ec7a8000,0x00000000eca00000)
  to   space 2560K, 0% used [0x00000000eca00000,0x00000000eca00000,0x00000000ecc80000)
 ParOldGen       total 42496K, used 3508K [0x00000000c2800000, 0x00000000c5180000, 0x00000000eb800000)
  object space 42496K, 8% used [0x00000000c2800000,0x00000000c2b6d060,0x00000000c5180000)
 Metaspace       used 15246K, capacity 15460K, committed 15616K, reserved 1062912K
  class space    used 1707K, capacity 1756K, committed 1792K, reserved 1048576K
}
Event: 203,916 GC heap before
{Heap before GC invocations=6 (full 3):
 PSYoungGen      total 18432K, used 160K [0x00000000eb800000, 0x00000000ecc80000, 0x0000000100000000)
  eden space 15872K, 0% used [0x00000000eb800000,0x00000000eb800000,0x00000000ec780000)
  from space 2560K, 6% used [0x00000000ec780000,0x00000000ec7a8000,0x00000000eca00000)
  to   space 2560K, 0% used [0x00000000eca00000,0x00000000eca00000,0x00000000ecc80000)
 ParOldGen       total 42496K, used 3508K [0x00000000c2800000, 0x00000000c5180000, 0x00000000eb800000)
  object space 42496K, 8% used [0x00000000c2800000,0x00000000c2b6d060,0x00000000c5180000)
 Metaspace       used 15246K, capacity 15460K, committed 15616K, reserved 1062912K
  class space    used 1707K, capacity 1756K, committed 1792K, reserved 1048576K
Event: 203,975 GC heap after
Heap after GC invocations=6 (full 3):
 PSYoungGen      total 18432K, used 0K [0x00000000eb800000, 0x00000000ecc80000, 0x0000000100000000)
  eden space 15872K, 0% used [0x00000000eb800000,0x00000000eb800000,0x00000000ec780000)
  from space 2560K, 0% used [0x00000000ec780000,0x00000000ec780000,0x00000000eca00000)
  to   space 2560K, 0% used [0x00000000eca00000,0x00000000eca00000,0x00000000ecc80000)
 ParOldGen       total 42496K, used 3508K [0x00000000c2800000, 0x00000000c5180000, 0x00000000eb800000)
  object space 42496K, 8% used [0x00000000c2800000,0x00000000c2b6d030,0x00000000c5180000)
 Metaspace       used 15246K, capacity 15460K, committed 15616K, reserved 1062912K
  class space    used 1707K, capacity 1756K, committed 1792K, reserved 1048576K
}
Event: 464,554 GC heap before
{Heap before GC invocations=7 (full 3):
 PSYoungGen      total 18432K, used 3400K [0x00000000eb800000, 0x00000000ecc80000, 0x0000000100000000)
  eden space 15872K, 21% used [0x00000000eb800000,0x00000000ebb52160,0x00000000ec780000)
  from space 2560K, 0% used [0x00000000ec780000,0x00000000ec780000,0x00000000eca00000)
  to   space 2560K, 0% used [0x00000000eca00000,0x00000000eca00000,0x00000000ecc80000)
 ParOldGen       total 42496K, used 3508K [0x00000000c2800000, 0x00000000c5180000, 0x00000000eb800000)
  object space 42496K, 8% used [0x00000000c2800000,0x00000000c2b6d030,0x00000000c5180000)
 Metaspace       used 15270K, capacity 15460K, committed 15616K, reserved 1062912K
  class space    used 1707K, capacity 1756K, committed 1792K, reserved 1048576K
Event: 464,555 GC heap after
Heap after GC invocations=7 (full 3):
 PSYoungGen      total 18432K, used 128K [0x00000000eb800000, 0x00000000ecc80000, 0x0000000100000000)
  eden space 15872K, 0% used [0x00000000eb800000,0x00000000eb800000,0x00000000ec780000)
  from space 2560K, 5% used [0x00000000eca00000,0x00000000eca20000,0x00000000ecc80000)
  to   space 2560K, 0% used [0x00000000ec780000,0x00000000ec780000,0x00000000eca00000)
 ParOldGen       total 42496K, used 3516K [0x00000000c2800000, 0x00000000c5180000, 0x00000000eb800000)
  object space 42496K, 8% used [0x00000000c2800000,0x00000000c2b6f030,0x00000000c5180000)
 Metaspace       used 15270K, capacity 15460K, committed 15616K, reserved 1062912K
  class space    used 1707K, capacity 1756K, committed 1792K, reserved 1048576K
}
Event: 464,556 GC heap before
{Heap before GC invocations=8 (full 4):
 PSYoungGen      total 18432K, used 128K [0x00000000eb800000, 0x00000000ecc80000, 0x0000000100000000)
  eden space 15872K, 0% used [0x00000000eb800000,0x00000000eb800000,0x00000000ec780000)
  from space 2560K, 5% used [0x00000000eca00000,0x00000000eca20000,0x00000000ecc80000)
  to   space 2560K, 0% used [0x00000000ec780000,0x00000000ec780000,0x00000000eca00000)
 ParOldGen       total 42496K, used 3516K [0x00000000c2800000, 0x00000000c5180000, 0x00000000eb800000)
  object space 42496K, 8% used [0x00000000c2800000,0x00000000c2b6f030,0x00000000c5180000)
 Metaspace       used 15270K, capacity 15460K, committed 15616K, reserved 1062912K
  class space    used 1707K, capacity 1756K, committed 1792K, reserved 1048576K
Event: 464,581 GC heap after
Heap after GC invocations=8 (full 4):
 PSYoungGen      total 18432K, used 0K [0x00000000eb800000, 0x00000000ecc80000, 0x0000000100000000)
  eden space 15872K, 0% used [0x00000000eb800000,0x00000000eb800000,0x00000000ec780000)
  from space 2560K, 0% used [0x00000000eca00000,0x00000000eca00000,0x00000000ecc80000)
  to   space 2560K, 0% used [0x00000000ec780000,0x00000000ec780000,0x00000000eca00000)
 ParOldGen       total 42496K, used 3510K [0x00000000c2800000, 0x00000000c5180000, 0x00000000eb800000)
  object space 42496K, 8% used [0x00000000c2800000,0x00000000c2b6d840,0x00000000c5180000)
 Metaspace       used 15270K, capacity 15460K, committed 15616K, reserved 1062912K
  class space    used 1707K, capacity 1756K, committed 1792K, reserved 1048576K
}

